C:\Program Files\Microsoft Visual Studio\2022\Community\MSBuild\Microsoft\VC\v170\Microsoft.CppBuild.targets(1101,5): warning MSB8027: Mehrere Dateien mit dem Namen glm.cpp führen zu Ausgaben am selben Speicherort. Dadurch kann ein falsches Buildergebnis entstehen. Die betroffenen Dateien sind ..\..\..\..\Downloads\glm-0.9.9.8\glm\glm\detail\glm.cpp, src\vendor\glm\detail\glm.cpp.
C:\Program Files\Microsoft Visual Studio\2022\Community\MSBuild\Microsoft\VC\v170\Microsoft.CppBuild.targets(1101,5): warning MSB8027: Mehrere Dateien mit dem Namen imgui_impl_glfw.cpp führen zu Ausgaben am selben Speicherort. Dadurch kann ein falsches Buildergebnis entstehen. Die betroffenen Dateien sind ..\..\..\..\Downloads\imgui-1.89.3\imgui-1.89.3\backends\imgui_impl_glfw.cpp, src\vendor\imgui\imgui_impl_glfw.cpp.
C:\Program Files\Microsoft Visual Studio\2022\Community\MSBuild\Microsoft\VC\v170\Microsoft.CppBuild.targets(1101,5): warning MSB8027: Mehrere Dateien mit dem Namen imgui_impl_opengl3.cpp führen zu Ausgaben am selben Speicherort. Dadurch kann ein falsches Buildergebnis entstehen. Die betroffenen Dateien sind ..\..\..\..\Downloads\imgui-1.89.3\imgui-1.89.3\backends\imgui_impl_opengl3.cpp, src\vendor\imgui\imgui_impl_opengl3.cpp.
  glm.cpp
  imgui_impl_glfw.cpp
  imgui_impl_opengl3.cpp
  ApplicationOwn.cpp
C:\Users\Simon\source\repos\OpenGL\OpenGL\old\ApplicationOwn.cpp(131,34): warning C4305: "Argument": Verkürzung von "double" in "GLfloat"
C:\Users\Simon\source\repos\OpenGL\OpenGL\old\ApplicationOwn.cpp(132,33): warning C4305: "Argument": Verkürzung von "double" in "GLfloat"
C:\Users\Simon\source\repos\OpenGL\OpenGL\old\ApplicationOwn.cpp(133,32): warning C4305: "Argument": Verkürzung von "double" in "GLfloat"
C:\Users\Simon\source\repos\OpenGL\OpenGL\old\ApplicationOwn.cpp(136,34): warning C4305: "Argument": Verkürzung von "double" in "GLfloat"
C:\Users\Simon\source\repos\OpenGL\OpenGL\old\ApplicationOwn.cpp(137,32): warning C4305: "Argument": Verkürzung von "double" in "GLfloat"
C:\Users\Simon\source\repos\OpenGL\OpenGL\old\ApplicationOwn.cpp(138,33): warning C4305: "Argument": Verkürzung von "double" in "GLfloat"
C:\Users\Simon\source\repos\OpenGL\OpenGL\old\ApplicationOwn.cpp(173,40): warning C4305: "Argument": Verkürzung von "double" in "GLfloat"
  IndexBuffer.cpp
C:\Users\Simon\source\repos\OpenGL\OpenGL\src\IndexBuffer.cpp(10,5): warning C4551: Dem Funktionsaufruf fehlt die Argumentliste
C:\Users\Simon\source\repos\OpenGL\OpenGL\src\IndexBuffer.cpp(11,5): warning C4551: Dem Funktionsaufruf fehlt die Argumentliste
C:\Users\Simon\source\repos\OpenGL\OpenGL\src\IndexBuffer.cpp(12,5): warning C4551: Dem Funktionsaufruf fehlt die Argumentliste
C:\Users\Simon\source\repos\OpenGL\OpenGL\src\IndexBuffer.cpp(17,5): warning C4551: Dem Funktionsaufruf fehlt die Argumentliste
C:\Users\Simon\source\repos\OpenGL\OpenGL\src\IndexBuffer.cpp(22,5): warning C4551: Dem Funktionsaufruf fehlt die Argumentliste
C:\Users\Simon\source\repos\OpenGL\OpenGL\src\IndexBuffer.cpp(26,5): warning C4551: Dem Funktionsaufruf fehlt die Argumentliste
  Shader.cpp
C:\Users\Simon\source\repos\OpenGL\OpenGL\src\Shader.cpp(19,5): warning C4551: Dem Funktionsaufruf fehlt die Argumentliste
C:\Users\Simon\source\repos\OpenGL\OpenGL\src\Shader.cpp(56,5): warning C4551: Dem Funktionsaufruf fehlt die Argumentliste
C:\Users\Simon\source\repos\OpenGL\OpenGL\src\Shader.cpp(57,5): warning C4551: Dem Funktionsaufruf fehlt die Argumentliste
C:\Users\Simon\source\repos\OpenGL\OpenGL\src\Shader.cpp(60,5): warning C4551: Dem Funktionsaufruf fehlt die Argumentliste
C:\Users\Simon\source\repos\OpenGL\OpenGL\src\Shader.cpp(64,9): warning C4551: Dem Funktionsaufruf fehlt die Argumentliste
C:\Users\Simon\source\repos\OpenGL\OpenGL\src\Shader.cpp(66,9): warning C4551: Dem Funktionsaufruf fehlt die Argumentliste
C:\Users\Simon\source\repos\OpenGL\OpenGL\src\Shader.cpp(69,9): warning C4551: Dem Funktionsaufruf fehlt die Argumentliste
C:\Users\Simon\source\repos\OpenGL\OpenGL\src\Shader.cpp(82,5): warning C4551: Dem Funktionsaufruf fehlt die Argumentliste
C:\Users\Simon\source\repos\OpenGL\OpenGL\src\Shader.cpp(83,5): warning C4551: Dem Funktionsaufruf fehlt die Argumentliste
C:\Users\Simon\source\repos\OpenGL\OpenGL\src\Shader.cpp(84,5): warning C4551: Dem Funktionsaufruf fehlt die Argumentliste
C:\Users\Simon\source\repos\OpenGL\OpenGL\src\Shader.cpp(85,5): warning C4551: Dem Funktionsaufruf fehlt die Argumentliste
C:\Users\Simon\source\repos\OpenGL\OpenGL\src\Shader.cpp(87,5): warning C4551: Dem Funktionsaufruf fehlt die Argumentliste
C:\Users\Simon\source\repos\OpenGL\OpenGL\src\Shader.cpp(88,5): warning C4551: Dem Funktionsaufruf fehlt die Argumentliste
C:\Users\Simon\source\repos\OpenGL\OpenGL\src\Shader.cpp(95,5): warning C4551: Dem Funktionsaufruf fehlt die Argumentliste
C:\Users\Simon\source\repos\OpenGL\OpenGL\src\Shader.cpp(100,5): warning C4551: Dem Funktionsaufruf fehlt die Argumentliste
C:\Users\Simon\source\repos\OpenGL\OpenGL\src\Shader.cpp(106,5): warning C4551: Dem Funktionsaufruf fehlt die Argumentliste
C:\Users\Simon\source\repos\OpenGL\OpenGL\src\Shader.cpp(111,5): warning C4551: Dem Funktionsaufruf fehlt die Argumentliste
C:\Users\Simon\source\repos\OpenGL\OpenGL\src\Shader.cpp(116,5): warning C4551: Dem Funktionsaufruf fehlt die Argumentliste
C:\Users\Simon\source\repos\OpenGL\OpenGL\src\Shader.cpp(121,5): warning C4551: Dem Funktionsaufruf fehlt die Argumentliste
C:\Users\Simon\source\repos\OpenGL\OpenGL\src\Shader.cpp(129,5): warning C4551: Dem Funktionsaufruf fehlt die Argumentliste
  Texture.cpp
C:\Users\Simon\source\repos\OpenGL\OpenGL\src\Texture.cpp(11,2): warning C4551: Dem Funktionsaufruf fehlt die Argumentliste
C:\Users\Simon\source\repos\OpenGL\OpenGL\src\Texture.cpp(12,2): warning C4551: Dem Funktionsaufruf fehlt die Argumentliste
C:\Users\Simon\source\repos\OpenGL\OpenGL\src\Texture.cpp(14,2): warning C4551: Dem Funktionsaufruf fehlt die Argumentliste
C:\Users\Simon\source\repos\OpenGL\OpenGL\src\Texture.cpp(15,2): warning C4551: Dem Funktionsaufruf fehlt die Argumentliste
C:\Users\Simon\source\repos\OpenGL\OpenGL\src\Texture.cpp(16,2): warning C4551: Dem Funktionsaufruf fehlt die Argumentliste
C:\Users\Simon\source\repos\OpenGL\OpenGL\src\Texture.cpp(17,2): warning C4551: Dem Funktionsaufruf fehlt die Argumentliste
C:\Users\Simon\source\repos\OpenGL\OpenGL\src\Texture.cpp(19,2): warning C4551: Dem Funktionsaufruf fehlt die Argumentliste
C:\Users\Simon\source\repos\OpenGL\OpenGL\src\Texture.cpp(20,2): warning C4551: Dem Funktionsaufruf fehlt die Argumentliste
C:\Users\Simon\source\repos\OpenGL\OpenGL\src\Texture.cpp(28,2): warning C4551: Dem Funktionsaufruf fehlt die Argumentliste
C:\Users\Simon\source\repos\OpenGL\OpenGL\src\Texture.cpp(33,2): warning C4551: Dem Funktionsaufruf fehlt die Argumentliste
C:\Users\Simon\source\repos\OpenGL\OpenGL\src\Texture.cpp(34,2): warning C4551: Dem Funktionsaufruf fehlt die Argumentliste
C:\Users\Simon\source\repos\OpenGL\OpenGL\src\Texture.cpp(39,2): warning C4551: Dem Funktionsaufruf fehlt die Argumentliste
  glm.cpp
  imgui.cpp
  imgui_demo.cpp
  imgui_draw.cpp
  imgui_impl_glfw.cpp
  imgui_impl_opengl3.cpp
  imgui_tables.cpp
  imgui_widgets.cpp
  stb_image.cpp
  VertexArray.cpp
C:\Users\Simon\source\repos\OpenGL\OpenGL\src\VertexArray.cpp(7,2): warning C4551: Dem Funktionsaufruf fehlt die Argumentliste
C:\Users\Simon\source\repos\OpenGL\OpenGL\src\VertexArray.cpp(8,2): warning C4551: Dem Funktionsaufruf fehlt die Argumentliste
C:\Users\Simon\source\repos\OpenGL\OpenGL\src\VertexArray.cpp(13,2): warning C4551: Dem Funktionsaufruf fehlt die Argumentliste
C:\Users\Simon\source\repos\OpenGL\OpenGL\src\VertexArray.cpp(25,3): warning C4551: Dem Funktionsaufruf fehlt die Argumentliste
C:\Users\Simon\source\repos\OpenGL\OpenGL\src\VertexArray.cpp(26,3): warning C4551: Dem Funktionsaufruf fehlt die Argumentliste
C:\Users\Simon\source\repos\OpenGL\OpenGL\src\VertexArray.cpp(33,2): warning C4551: Dem Funktionsaufruf fehlt die Argumentliste
C:\Users\Simon\source\repos\OpenGL\OpenGL\src\VertexArray.cpp(38,2): warning C4551: Dem Funktionsaufruf fehlt die Argumentliste
  Renderer.cpp
C:\Users\Simon\source\repos\OpenGL\OpenGL\src\Renderer.cpp(22,5): warning C4551: Dem Funktionsaufruf fehlt die Argumentliste
C:\Users\Simon\source\repos\OpenGL\OpenGL\src\Renderer.cpp(30,5): warning C4551: Dem Funktionsaufruf fehlt die Argumentliste
  Tutorial.cpp
C:\Users\Simon\source\repos\OpenGL\OpenGL\src\Tutorial.cpp(62,5): warning C4551: Dem Funktionsaufruf fehlt die Argumentliste
C:\Users\Simon\source\repos\OpenGL\OpenGL\src\Tutorial.cpp(63,5): warning C4551: Dem Funktionsaufruf fehlt die Argumentliste
  VertexBuffer.cpp
C:\Users\Simon\source\repos\OpenGL\OpenGL\src\VertexBuffer.cpp(7,5): warning C4551: Dem Funktionsaufruf fehlt die Argumentliste
C:\Users\Simon\source\repos\OpenGL\OpenGL\src\VertexBuffer.cpp(8,5): warning C4551: Dem Funktionsaufruf fehlt die Argumentliste
C:\Users\Simon\source\repos\OpenGL\OpenGL\src\VertexBuffer.cpp(9,5): warning C4551: Dem Funktionsaufruf fehlt die Argumentliste
C:\Users\Simon\source\repos\OpenGL\OpenGL\src\VertexBuffer.cpp(14,5): warning C4551: Dem Funktionsaufruf fehlt die Argumentliste
C:\Users\Simon\source\repos\OpenGL\OpenGL\src\VertexBuffer.cpp(19,5): warning C4551: Dem Funktionsaufruf fehlt die Argumentliste
C:\Users\Simon\source\repos\OpenGL\OpenGL\src\VertexBuffer.cpp(23,5): warning C4551: Dem Funktionsaufruf fehlt die Argumentliste
Release\glm.obj : warning LNK4042: Objekt mehrmals angegeben; zusätzliche Objekte werden ignoriert.
Release\imgui_impl_glfw.obj : warning LNK4042: Objekt mehrmals angegeben; zusätzliche Objekte werden ignoriert.
Release\imgui_impl_opengl3.obj : warning LNK4042: Objekt mehrmals angegeben; zusätzliche Objekte werden ignoriert.
  Code wird generiert.
  Previous IPDB not found, fall back to full compilation.
  All 2111 functions were compiled because no usable IPDB/IOBJ from previous compilation was found.
  Codegenerierung ist abgeschlossen.
  OpenGL.vcxproj -> C:\Users\Simon\source\repos\OpenGL\Release\OpenGL.exe
