c:\users\simon\source\repos\opengl\opengl\release\vc143.pdb
c:\users\simon\source\repos\opengl\opengl\release\vertexbuffer.obj
c:\users\simon\source\repos\opengl\opengl\release\tutorial.obj
c:\users\simon\source\repos\opengl\opengl\release\renderer.obj
c:\users\simon\source\repos\opengl\opengl\release\vertexarray.obj
c:\users\simon\source\repos\opengl\opengl\release\stb_image.obj
c:\users\simon\source\repos\opengl\opengl\release\imgui_widgets.obj
c:\users\simon\source\repos\opengl\opengl\release\imgui_tables.obj
c:\users\simon\source\repos\opengl\opengl\release\imgui_impl_opengl3.obj
c:\users\simon\source\repos\opengl\opengl\release\imgui_impl_glfw.obj
c:\users\simon\source\repos\opengl\opengl\release\imgui_draw.obj
c:\users\simon\source\repos\opengl\opengl\release\imgui_demo.obj
c:\users\simon\source\repos\opengl\opengl\release\imgui.obj
c:\users\simon\source\repos\opengl\opengl\release\glm.obj
c:\users\simon\source\repos\opengl\opengl\release\texture.obj
c:\users\simon\source\repos\opengl\opengl\release\shader.obj
c:\users\simon\source\repos\opengl\opengl\release\indexbuffer.obj
c:\users\simon\source\repos\opengl\opengl\release\applicationown.obj
c:\users\simon\source\repos\opengl\release\opengl.exe
c:\users\simon\source\repos\opengl\opengl\release\opengl.ipdb
c:\users\simon\source\repos\opengl\opengl\release\opengl.iobj
c:\users\simon\source\repos\opengl\release\opengl.pdb
c:\users\simon\source\repos\opengl\opengl\release\opengl.tlog\cl.command.1.tlog
c:\users\simon\source\repos\opengl\opengl\release\opengl.tlog\cl.read.1.tlog
c:\users\simon\source\repos\opengl\opengl\release\opengl.tlog\cl.write.1.tlog
c:\users\simon\source\repos\opengl\opengl\release\opengl.tlog\link.command.1.tlog
c:\users\simon\source\repos\opengl\opengl\release\opengl.tlog\link.read.1.tlog
c:\users\simon\source\repos\opengl\opengl\release\opengl.tlog\link.write.1.tlog
